<?xml version="1.0" encoding="UTF-8"?>
<!-- Generated by org.testng.reporters.JUnitReportReporter -->
<testsuite hostname="DESKTOP-5EVK54D" failures="0" tests="1" name="bddstyle.MultiAPIValidation" time="7.791" errors="0" timestamp="2023-02-13T20:01:32 IST" skipped="0">
  <testcase classname="bddstyle.MultiAPIValidation" name="createUser" time="7.791"/>
  <system-out/>
</testsuite> <!-- bddstyle.MultiAPIValidation -->
