<?xml version="1.0" encoding="UTF-8"?>
<!-- Generated by org.testng.reporters.JUnitReportReporter -->
<testsuite hostname="DESKTOP-5EVK54D" failures="0" tests="3" name="bddstyle.MockJSONResponse" time="3.452" errors="0" timestamp="2023-02-14T20:13:09 IST" skipped="0">
  <testcase classname="bddstyle.MockJSONResponse" name="getPurchaseAmount" time="3.001"/>
  <system-out/>
  <testcase classname="bddstyle.MockJSONResponse" name="getCourseCount" time="0.082"/>
  <system-out/>
  <testcase classname="bddstyle.MockJSONResponse" name="getTitleOfAllCourses" time="0.369"/>
  <system-out/>
</testsuite> <!-- bddstyle.MockJSONResponse -->
