<?xml version="1.0" encoding="UTF-8"?>
<!-- Generated by org.testng.reporters.JUnitReportReporter -->
<testsuite hostname="DESKTOP-5EVK54D" failures="0" tests="4" name="bddstyle.MockJSONResponse" time="3.367" errors="0" timestamp="2023-02-16T19:23:08 IST" skipped="0">
  <testcase classname="bddstyle.MockJSONResponse" name="validatePrice" time="2.972"/>
  <system-out/>
  <testcase classname="bddstyle.MockJSONResponse" name="getPurchaseAmount" time="0.060"/>
  <system-out/>
  <testcase classname="bddstyle.MockJSONResponse" name="getCourseCount" time="0.044"/>
  <system-out/>
  <testcase classname="bddstyle.MockJSONResponse" name="getTitleOfAllCourses" time="0.291"/>
  <system-out/>
</testsuite> <!-- bddstyle.MockJSONResponse -->
