<?xml version="1.0" encoding="UTF-8"?>
<!-- Generated by org.testng.reporters.JUnitReportReporter -->
<testsuite hostname="DESKTOP-5EVK54D" failures="0" tests="1" name="basics.POST_Request" time="5.962" errors="0" timestamp="2023-02-09T20:03:55 IST" skipped="0">
  <testcase classname="basics.POST_Request" name="createUser" time="5.962"/>
  <system-out/>
</testsuite> <!-- basics.POST_Request -->
