<?xml version="1.0" encoding="UTF-8"?>
<!-- Generated by org.testng.reporters.JUnitReportReporter -->
<testsuite hostname="DESKTOP-5EVK54D" failures="0" tests="1" name="seriaanddeseria.CreateUser" time="6.364" errors="0" timestamp="2023-02-17T20:16:27 IST" skipped="0">
  <testcase classname="seriaanddeseria.CreateUser" name="createUserAPI" time="6.364"/>
  <system-out/>
</testsuite> <!-- seriaanddeseria.CreateUser -->
