<?xml version="1.0" encoding="UTF-8"?>
<!-- Generated by org.testng.reporters.JUnitReportReporter -->
<testsuite hostname="DESKTOP-5EVK54D" failures="0" tests="1" name="bddstyle.CreateUserWithJSonFromFile" time="6.035" errors="0" timestamp="2023-02-17T19:28:50 IST" skipped="0">
  <testcase classname="bddstyle.CreateUserWithJSonFromFile" name="createUser" time="6.035"/>
  <system-out/>
</testsuite> <!-- bddstyle.CreateUserWithJSonFromFile -->
