<?xml version="1.0" encoding="UTF-8"?>
<!-- Generated by org.testng.reporters.JUnitReportReporter -->
<testsuite hostname="DESKTOP-5EVK54D" failures="0" tests="1" name="ecommerceapi.AddProduct" time="5.795" errors="0" timestamp="2023-02-18T20:28:34 IST" skipped="0">
  <testcase classname="ecommerceapi.AddProduct" name="addProduct" time="5.795"/>
  <system-out/>
</testsuite> <!-- ecommerceapi.AddProduct -->
