<?xml version="1.0" encoding="UTF-8"?>
<!-- Generated by org.testng.reporters.JUnitReportReporter -->
<testsuite hostname="DESKTOP-5EVK54D" failures="0" tests="1" name="bddstyle.ReqResSpecBuilder" time="8.263" errors="0" timestamp="2023-02-16T20:03:34 IST" skipped="0">
  <testcase classname="bddstyle.ReqResSpecBuilder" name="createUser" time="8.263"/>
  <system-out/>
</testsuite> <!-- bddstyle.ReqResSpecBuilder -->
