<?xml version="1.0" encoding="UTF-8"?>
<!-- Generated by org.testng.reporters.JUnitReportReporter -->
<testsuite hostname="DESKTOP-5EVK54D" failures="0" tests="2" name="bddstyle.MultiAPIValidation" time="9.086" errors="0" timestamp="2023-02-14T19:33:29 IST" skipped="0">
  <testcase classname="bddstyle.MultiAPIValidation" name="createUser" time="7.417"/>
  <system-out/>
  <testcase classname="bddstyle.MultiAPIValidation" name="getUserDetails" time="1.669"/>
  <system-out/>
</testsuite> <!-- bddstyle.MultiAPIValidation -->
