<?xml version="1.0" encoding="UTF-8"?>
<!-- Generated by org.testng.reporters.JUnitReportReporter -->
<testsuite hostname="DESKTOP-5EVK54D" failures="0" tests="1" name="ecommerceapi.Login" time="9.074" errors="0" timestamp="2023-02-18T20:28:34 IST" skipped="0">
  <testcase classname="ecommerceapi.Login" name="loginToApp" time="9.074"/>
  <system-out/>
</testsuite> <!-- ecommerceapi.Login -->
