<?xml version="1.0" encoding="UTF-8"?>
<!-- Generated by org.testng.reporters.JUnitReportReporter -->
<testsuite hostname="DESKTOP-5EVK54D" failures="0" tests="1" name="basics.GetPetStoreInventory" time="7.663" errors="0" timestamp="2023-02-13T19:34:43 IST" skipped="0">
  <testcase classname="basics.GetPetStoreInventory" name="getInventory" time="7.663"/>
  <system-out/>
</testsuite> <!-- basics.GetPetStoreInventory -->
