<?xml version="1.0" encoding="UTF-8"?>
<!-- Generated by org.testng.reporters.JUnitReportReporter -->
<testsuite hostname="DESKTOP-5EVK54D" failures="0" tests="1" name="ecommerceapi.DeleteProduct" time="0.270" errors="0" timestamp="2023-02-19T20:02:41 IST" skipped="0">
  <testcase classname="ecommerceapi.DeleteProduct" name="validateDeleteProduct" time="0.270"/>
  <system-out/>
</testsuite> <!-- ecommerceapi.DeleteProduct -->
