<?xml version="1.0" encoding="UTF-8"?>
<!-- Generated by org.testng.reporters.JUnitReportReporter -->
<testsuite hostname="DESKTOP-5EVK54D" failures="0" tests="1" name="ecommerceapi.PlaceOrder" time="0.277" errors="0" timestamp="2023-02-19T20:02:41 IST" skipped="0">
  <testcase classname="ecommerceapi.PlaceOrder" name="placeUserOrder" time="0.277"/>
  <system-out/>
</testsuite> <!-- ecommerceapi.PlaceOrder -->
